
> view-ejs@0.0.0 start /home/bitnami/blogger
> node ./bin/www

[0mGET / [31m500 [0m197.728 ms - 1279[0m
[0mGET /stylesheets/style.css [32m200 [0m2.972 ms - 111[0m
[0mGET /favicon.ico [33m404 [0m10.268 ms - 1032[0m
[0mGET / [31m500 [0m14.478 ms - 1279[0m
[0mGET /stylesheets/style.css [36m304 [0m0.913 ms - -[0m
[0mGET / [31m500 [0m22.875 ms - 1279[0m
[0mGET / [31m500 [0m8.156 ms - 1279[0m
[0mGET / [31m500 [0m16.220 ms - 1279[0m
[0mGET / [31m500 [0m19.139 ms - 1279[0m
[0mGET / [31m500 [0m10.872 ms - 1279[0m
[0mGET / [31m500 [0m8.362 ms - 1279[0m
[0mGET / [31m500 [0m9.135 ms - 1279[0m
[0mGET /config/getuser?index=0 [33m404 [0m9.898 ms - 1032[0m
[0mGET / [31m500 [0m12.169 ms - 1279[0m
[0mGET http://example.com/ [31m500 [0m32.413 ms - 1279[0m
[0mGET /solr/admin/info/system?wt=json [33m404 [0m13.552 ms - 1032[0m
[0mGET /portal/redlion [33m404 [0m6.734 ms - 1032[0m
[0mGET /?XDEBUG_SESSION_START=phpstorm [31m500 [0m7.034 ms - 1279[0m
[0mGET /?a=fetch&content=<php>die(@md5(HelloThinkCMF))</php> [31m500 [0m5.687 ms - 1279[0m
[0mGET /index.php?s=/Index/\think\app/invokefunction&function=call_user_func_array&vars[0]=md5&vars[1][]=HelloThinkPHP [33m404 [0m19.723 ms - 1032[0m
[0mGET /Telerik.Web.UI.WebResource.axd?type=rau [33m404 [0m30.863 ms - 1032[0m
[0mGET /app/.env [33m404 [0m12.252 ms - 1032[0m
[0mPOST /app [33m404 [0m26.557 ms - 1032[0m
[0mGET /t [33m404 [0m18.541 ms - 1032[0m
[0mPOST /HNAP1/ [33m404 [0m23.002 ms - 1032[0m
[0mGET / [31m500 [0m9.653 ms - 1279[0m
[0mGET /robots.txt [33m404 [0m4.333 ms - 1032[0m
[0mGET /sitemap.xml [33m404 [0m4.611 ms - 1032[0m
[0mGET /.well-known/security.txt [33m404 [0m5.533 ms - 1032[0m
[0mGET /favicon.ico [33m404 [0m6.763 ms - 1032[0m
[0mGET /TP/public/index.php [33m404 [0m5.946 ms - 1032[0m
[0mGET /TP/index.php [33m404 [0m4.747 ms - 1032[0m
[0mGET /thinkphp/html/public/index.php [33m404 [0m4.591 ms - 1032[0m
[0mGET /html/public/index.php [33m404 [0m6.419 ms - 1032[0m
[0mGET /public/index.php [33m404 [0m4.055 ms - 1032[0m
[0mGET /TP/html/public/index.php [33m404 [0m8.157 ms - 1032[0m
[0mGET /elrekt.php [33m404 [0m8.273 ms - 1032[0m
[0mGET /index.php [33m404 [0m4.750 ms - 1032[0m
[0mGET / [31m500 [0m4.665 ms - 1279[0m
[0mGET /ReportServer [33m404 [0m5.281 ms - 1032[0m
[0mGET / [31m500 [0m4.958 ms - 1279[0m
[0mGET /config/getuser?index=0 [33m404 [0m11.079 ms - 1032[0m
[0mGET / [31m500 [0m5.383 ms - 1279[0m
[0mGET / [31m500 [0m6.515 ms - 1279[0m
[0mGET / [31m500 [0m5.314 ms - 1279[0m
[0mGET / [31m500 [0m4.200 ms - 1279[0m
[0mGET / [31m500 [0m4.889 ms - 1279[0m
[0mGET /solr/admin/info/system?wt=json [33m404 [0m12.647 ms - 1032[0m
[0mGET /?XDEBUG_SESSION_START=phpstorm [31m500 [0m4.629 ms - 1279[0m
[0mGET /?a=fetch&content=<php>die(@md5(HelloThinkCMF))</php> [31m500 [0m4.229 ms - 1279[0m
[0mGET /index.php?s=/Index/\think\app/invokefunction&function=call_user_func_array&vars[0]=md5&vars[1][]=HelloThinkPHP [33m404 [0m10.682 ms - 1032[0m
[0mGET /hudson [33m404 [0m13.289 ms - 1032[0m
[0mHEAD / [31m500 [0m4.640 ms - 1279[0m
[0mPOST /api/jsonws/invoke [33m404 [0m10.242 ms - 1032[0m
[0mGET / [31m500 [0m6.362 ms - 1279[0m
[0mGET / [31m500 [0m10.043 ms - 1279[0m
[0mGET / [31m500 [0m9.403 ms - 1279[0m
[0mGET /stylesheets/style.css [36m304 [0m0.397 ms - -[0m
[0mGET /favicon.ico [33m404 [0m9.776 ms - 1032[0m
[0mGET / [31m500 [0m5.082 ms - 1279[0m
[0mGET /stylesheets/style.css [36m304 [0m1.050 ms - -[0m
[0mGET / [31m500 [0m7.241 ms - 1279[0m
[0mGET /stylesheets/style.css [36m304 [0m0.376 ms - -[0m
[0mGET / [31m500 [0m4.680 ms - 1279[0m
[0mGET /stylesheets/style.css [36m304 [0m0.353 ms - -[0m

> view-ejs@0.0.0 start /home/bitnami/blogger
> node ./bin/www


> view-ejs@0.0.0 start /home/bitnami/blogger
> node ./bin/www


> view-ejs@0.0.0 start /home/bitnami/blogger
> node ./bin/www

[0mGET /blogList [32m200 [0m10.910 ms - 679[0m
[0mGET /stylesheets/style.css [32m200 [0m2.827 ms - 111[0m
[0mGET /blogList [36m304 [0m1.445 ms - -[0m
[0mGET /stylesheets/style.css [36m304 [0m0.739 ms - -[0m
[0mGET /css/bootstrap.min.css [36m304 [0m1.636 ms - -[0m
[0mGET /css/bootstrap.min.css.map [36m304 [0m0.496 ms - -[0m
[0mGET /css/bootstrap.min.css [32m200 [0m0.834 ms - 160302[0m
[0mGET /favicon.ico [33m404 [0m1.534 ms - 913[0m
[0mGET /blogList [32m200 [0m0.911 ms - 679[0m
[0mGET /css/bootstrap.min.css [32m200 [0m0.724 ms - 160302[0m
[0mGET /blogList [36m304 [0m1.083 ms - -[0m
[0mGET /stylesheets/style.css [36m304 [0m0.774 ms - -[0m
[0mGET /css/bootstrap.min.css [36m304 [0m0.956 ms - -[0m
[0mGET /css/bootstrap.min.css.map [36m304 [0m0.486 ms - -[0m
[0mGET /blogList [36m304 [0m1.102 ms - -[0m
[0mGET /stylesheets/style.css [36m304 [0m0.800 ms - -[0m
[0mGET /css/bootstrap.min.css [36m304 [0m0.969 ms - -[0m
[0mGET /blogAdd [36m304 [0m1.102 ms - -[0m
[0mGET /stylesheets/style.css [36m304 [0m0.784 ms - -[0m
[0mGET /css/bootstrap.min.css [36m304 [0m0.933 ms - -[0m
[0mGET /css/bootstrap.min.css.map [36m304 [0m1.482 ms - -[0m
[0mGET / [36m304 [0m1.497 ms - -[0m
[0mGET /stylesheets/style.css [36m304 [0m0.431 ms - -[0m
[0mGET /css/bootstrap.min.css [36m304 [0m1.222 ms - -[0m
[0mGET /css/bootstrap.min.css.map [36m304 [0m0.442 ms - -[0m
[0mGET /blogAdd [32m200 [0m0.918 ms - 677[0m
[0mGET /stylesheets/style.css [36m304 [0m0.355 ms - -[0m
[0mGET /css/bootstrap.min.css [36m304 [0m0.448 ms - -[0m
[0mGET /blogList [36m304 [0m0.990 ms - -[0m
[0mGET /stylesheets/style.css [36m304 [0m0.682 ms - -[0m
[0mGET /css/bootstrap.min.css [36m304 [0m0.873 ms - -[0m
[0mGET / [32m200 [0m1.070 ms - 727[0m
[0mGET /stylesheets/style.css [36m304 [0m1.191 ms - -[0m
[0mGET /css/bootstrap.min.css [36m304 [0m0.457 ms - -[0m
[0mGET / [36m304 [0m1.106 ms - -[0m
[0mGET /stylesheets/style.css [36m304 [0m0.710 ms - -[0m
[0mGET /css/bootstrap.min.css [36m304 [0m0.853 ms - -[0m
[0mGET / [36m304 [0m1.188 ms - -[0m
[0mGET /stylesheets/style.css [36m304 [0m0.718 ms - -[0m
[0mGET /css/bootstrap.min.css [36m304 [0m0.814 ms - -[0m
[0mGET /css/bootstrap.min.css.map [36m304 [0m0.439 ms - -[0m
[0mGET / [36m304 [0m0.994 ms - -[0m
[0mGET /stylesheets/style.css [36m304 [0m0.690 ms - -[0m
[0mGET /css/bootstrap.min.css [36m304 [0m0.818 ms - -[0m
[0mGET /css/bootstrap.min.css.map [36m304 [0m1.417 ms - -[0m
[0mGET /blogList [36m304 [0m0.917 ms - -[0m
[0mGET /stylesheets/style.css [36m304 [0m0.438 ms - -[0m
[0mGET /css/bootstrap.min.css [36m304 [0m1.201 ms - -[0m
[0mGET /blogAdd [36m304 [0m0.986 ms - -[0m
[0mGET /stylesheets/style.css [36m304 [0m0.650 ms - -[0m
[0mGET /css/bootstrap.min.css [36m304 [0m0.841 ms - -[0m
[0mGET /blogList [36m304 [0m0.924 ms - -[0m
[0mGET /stylesheets/style.css [36m304 [0m0.349 ms - -[0m
[0mGET /css/bootstrap.min.css [36m304 [0m0.466 ms - -[0m
[0mGET / [36m304 [0m0.783 ms - -[0m
[0mGET /stylesheets/style.css [36m304 [0m1.293 ms - -[0m
[0mGET /css/bootstrap.min.css [36m304 [0m2.080 ms - -[0m
