
> view-ejs@0.0.0 start /home/bitnami/blogger
> node ./bin/www

/home/bitnami/blogger/app.js:25
app.use('/webfonts',express.static(__dirname + '/public/fonts/webfonts/'));:
                                                                           ^

SyntaxError: Unexpected token ':'
    at wrapSafe (internal/modules/cjs/loader.js:1054:16)
    at Module._compile (internal/modules/cjs/loader.js:1102:27)
    at Object.Module._extensions..js (internal/modules/cjs/loader.js:1158:10)
    at Module.load (internal/modules/cjs/loader.js:986:32)
    at Function.Module._load (internal/modules/cjs/loader.js:879:14)
    at Module.require (internal/modules/cjs/loader.js:1026:19)
    at require (internal/modules/cjs/helpers.js:72:18)
    at Object.<anonymous> (/home/bitnami/blogger/bin/www:7:11)
    at Module._compile (internal/modules/cjs/loader.js:1138:30)
    at Object.Module._extensions..js (internal/modules/cjs/loader.js:1158:10)
npm ERR! code ELIFECYCLE
npm ERR! errno 1
npm ERR! view-ejs@0.0.0 start: `node ./bin/www`
npm ERR! Exit status 1
npm ERR! 
npm ERR! Failed at the view-ejs@0.0.0 start script.
npm ERR! This is probably not a problem with npm. There is likely additional logging output above.

npm ERR! A complete log of this run can be found in:
npm ERR!     /root/.npm/_logs/2020-09-21T19_46_57_451Z-debug.log
